GROUP,PACKAGE,CLASS,INSTRUCTION_MISSED,INSTRUCTION_COVERED,BRANCH_MISSED,BRANCH_COVERED,LINE_MISSED,LINE_COVERED,COMPLEXITY_MISSED,COMPLEXITY_COVERED,METHOD_MISSED,METHOD_COVERED
POOX,com.example.demo.mapper,POOXMapperImpl,18,3,2,0,6,1,2,1,1,1
POOX,com.example.demo.service,XDService,15,6,0,0,4,3,1,1,1,1
POOX,com.example.demo.controller,EjemploController,7,3,0,0,2,1,2,1,2,1
POOX,com.example.demo.entity,Category,115,0,22,0,4,0,20,0,9,0
POOX,com.example.demo,POOXApplication,5,3,0,0,2,1,1,1,1,1
POOX,com.example.demo.dto,Categoria,115,0,22,0,4,0,20,0,9,0
